<?xml version="1.0" encoding="UTF-8"?>
<testng-results skipped="0" failed="0" ignored="0" total="1" passed="1">
  <reporter-output>
  </reporter-output>
  <suite name="Default suite" duration-ms="91838" started-at="2018-04-19T06:17:02Z" finished-at="2018-04-19T06:18:34Z">
    <groups>
    </groups>
    <test name="Default test" duration-ms="91838" started-at="2018-04-19T06:17:02Z" finished-at="2018-04-19T06:18:34Z">
      <class name="automation.webapp.jenkins.AppTest">
        <test-method status="PASS" signature="beforeTest()[pri:0, instance:automation.webapp.jenkins.AppTest@7a3d45bd]" name="beforeTest" is-config="true" duration-ms="83562" started-at="2018-04-19T06:17:02Z" finished-at="2018-04-19T06:18:26Z">
          <reporter-output>
          </reporter-output>
        </test-method> <!-- beforeTest -->
        <test-method status="PASS" signature="testApp()[pri:0, instance:automation.webapp.jenkins.AppTest@7a3d45bd]" name="testApp" duration-ms="8230" started-at="2018-04-19T06:18:26Z" finished-at="2018-04-19T06:18:34Z">
          <reporter-output>
          </reporter-output>
        </test-method> <!-- testApp -->
      </class> <!-- automation.webapp.jenkins.AppTest -->
    </test> <!-- Default test -->
  </suite> <!-- Default suite -->
</testng-results>
